{"/home/maks/repos/maks-test/home_editor_remix/app/components/atoms/Button.tsx": {"path":"/home/maks/repos/maks-test/home_editor_remix/app/components/atoms/Button.tsx","statementMap":{"0":{"start":{"line":21,"column":53},"end":{"line":35,"column":null}},"1":{"start":{"line":37,"column":47},"end":{"line":42,"column":null}},"2":{"start":{"line":54,"column":4},"end":{"line":54,"column":null}},"3":{"start":{"line":55,"column":21},"end":{"line":55,"column":null}},"4":{"start":{"line":57,"column":2},"end":{"line":64,"column":null}}},"fnMap":{"0":{"name":"Button","decl":{"start":{"line":44,"column":16},"end":{"line":44,"column":23}},"loc":{"start":{"line":52,"column":16},"end":{"line":66,"column":null}},"line":52}},"branchMap":{"0":{"loc":{"start":{"line":45,"column":2},"end":{"line":45,"column":null}},"type":"default-arg","locations":[{"start":{"line":45,"column":12},"end":{"line":45,"column":null}}],"line":45},"1":{"loc":{"start":{"line":46,"column":2},"end":{"line":46,"column":null}},"type":"default-arg","locations":[{"start":{"line":46,"column":9},"end":{"line":46,"column":null}}],"line":46},"2":{"loc":{"start":{"line":47,"column":2},"end":{"line":47,"column":null}},"type":"default-arg","locations":[{"start":{"line":47,"column":14},"end":{"line":47,"column":null}}],"line":47},"3":{"loc":{"start":{"line":48,"column":2},"end":{"line":48,"column":null}},"type":"default-arg","locations":[{"start":{"line":48,"column":14},"end":{"line":48,"column":null}}],"line":48},"4":{"loc":{"start":{"line":55,"column":21},"end":{"line":55,"column":null}},"type":"cond-expr","locations":[{"start":{"line":55,"column":33},"end":{"line":55,"column":44}},{"start":{"line":55,"column":44},"end":{"line":55,"column":null}}],"line":55}},"s":{"0":3,"1":3,"2":31,"3":31,"4":31},"f":{"0":31},"b":{"0":[31],"1":[31],"2":[31],"3":[31],"4":[1,30]},"meta":{"lastBranch":5,"lastFunction":1,"lastStatement":5,"seen":{"s:21:53:35:Infinity":0,"s:37:47:42:Infinity":1,"f:44:16:44:23":0,"b:45:12:45:Infinity":0,"b:46:9:46:Infinity":1,"b:47:14:47:Infinity":2,"b:48:14:48:Infinity":3,"s:54:4:54:Infinity":2,"s:55:21:55:Infinity":3,"b:55:33:55:44:55:44:55:Infinity":4,"s:57:2:64:Infinity":4}}}
,"/home/maks/repos/maks-test/home_editor_remix/app/components/atoms/Input.tsx": {"path":"/home/maks/repos/maks-test/home_editor_remix/app/components/atoms/Input.tsx","statementMap":{"0":{"start":{"line":10,"column":46},"end":{"line":14,"column":null}},"1":{"start":{"line":23,"column":4},"end":{"line":23,"column":null}},"2":{"start":{"line":24,"column":22},"end":{"line":26,"column":null}},"3":{"start":{"line":28,"column":2},"end":{"line":32,"column":null}}},"fnMap":{"0":{"name":"Input","decl":{"start":{"line":16,"column":16},"end":{"line":16,"column":22}},"loc":{"start":{"line":21,"column":15},"end":{"line":34,"column":null}},"line":21}},"branchMap":{"0":{"loc":{"start":{"line":17,"column":2},"end":{"line":17,"column":null}},"type":"default-arg","locations":[{"start":{"line":17,"column":10},"end":{"line":17,"column":null}}],"line":17},"1":{"loc":{"start":{"line":18,"column":2},"end":{"line":18,"column":null}},"type":"default-arg","locations":[{"start":{"line":18,"column":14},"end":{"line":18,"column":null}}],"line":18},"2":{"loc":{"start":{"line":19,"column":2},"end":{"line":19,"column":null}},"type":"default-arg","locations":[{"start":{"line":19,"column":14},"end":{"line":19,"column":null}}],"line":19},"3":{"loc":{"start":{"line":24,"column":22},"end":{"line":26,"column":null}},"type":"cond-expr","locations":[{"start":{"line":25,"column":6},"end":{"line":25,"column":null}},{"start":{"line":26,"column":6},"end":{"line":26,"column":null}}],"line":24}},"s":{"0":1,"1":10,"2":10,"3":10},"f":{"0":10},"b":{"0":[10],"1":[10],"2":[10],"3":[2,8]},"meta":{"lastBranch":4,"lastFunction":1,"lastStatement":4,"seen":{"s:10:46:14:Infinity":0,"f:16:16:16:22":0,"b:17:10:17:Infinity":0,"b:18:14:18:Infinity":1,"b:19:14:19:Infinity":2,"s:23:4:23:Infinity":1,"s:24:22:26:Infinity":2,"b:25:6:25:Infinity:26:6:26:Infinity":3,"s:28:2:32:Infinity":3}}}
,"/home/maks/repos/maks-test/home_editor_remix/app/components/atoms/Label.tsx": {"path":"/home/maks/repos/maks-test/home_editor_remix/app/components/atoms/Label.tsx","statementMap":{"0":{"start":{"line":14,"column":2},"end":{"line":21,"column":null}}},"fnMap":{"0":{"name":"Label","decl":{"start":{"line":8,"column":16},"end":{"line":8,"column":22}},"loc":{"start":{"line":13,"column":15},"end":{"line":23,"column":null}},"line":13}},"branchMap":{"0":{"loc":{"start":{"line":10,"column":2},"end":{"line":10,"column":null}},"type":"default-arg","locations":[{"start":{"line":10,"column":13},"end":{"line":10,"column":null}}],"line":10},"1":{"loc":{"start":{"line":11,"column":2},"end":{"line":11,"column":null}},"type":"default-arg","locations":[{"start":{"line":11,"column":14},"end":{"line":11,"column":null}}],"line":11},"2":{"loc":{"start":{"line":20,"column":7},"end":{"line":20,"column":null}},"type":"binary-expr","locations":[{"start":{"line":20,"column":7},"end":{"line":20,"column":19}},{"start":{"line":20,"column":19},"end":{"line":20,"column":null}}],"line":20}},"s":{"0":11},"f":{"0":11},"b":{"0":[11],"1":[11],"2":[11,1]},"meta":{"lastBranch":3,"lastFunction":1,"lastStatement":1,"seen":{"f:8:16:8:22":0,"b:10:13:10:Infinity":0,"b:11:14:11:Infinity":1,"s:14:2:21:Infinity":0,"b:20:7:20:19:20:19:20:Infinity":2}}}
,"/home/maks/repos/maks-test/home_editor_remix/app/components/atoms/Select.tsx": {"path":"/home/maks/repos/maks-test/home_editor_remix/app/components/atoms/Select.tsx","statementMap":{"0":{"start":{"line":14,"column":4},"end":{"line":14,"column":null}},"1":{"start":{"line":15,"column":22},"end":{"line":17,"column":null}},"2":{"start":{"line":19,"column":2},"end":{"line":25,"column":null}}},"fnMap":{"0":{"name":"Select","decl":{"start":{"line":7,"column":16},"end":{"line":7,"column":23}},"loc":{"start":{"line":12,"column":16},"end":{"line":27,"column":null}},"line":12}},"branchMap":{"0":{"loc":{"start":{"line":8,"column":2},"end":{"line":8,"column":null}},"type":"default-arg","locations":[{"start":{"line":8,"column":10},"end":{"line":8,"column":null}}],"line":8},"1":{"loc":{"start":{"line":9,"column":2},"end":{"line":9,"column":null}},"type":"default-arg","locations":[{"start":{"line":9,"column":14},"end":{"line":9,"column":null}}],"line":9},"2":{"loc":{"start":{"line":15,"column":22},"end":{"line":17,"column":null}},"type":"cond-expr","locations":[{"start":{"line":16,"column":6},"end":{"line":16,"column":null}},{"start":{"line":17,"column":6},"end":{"line":17,"column":null}}],"line":15}},"s":{"0":0,"1":0,"2":0},"f":{"0":0},"b":{"0":[0],"1":[0],"2":[0,0]},"meta":{"lastBranch":3,"lastFunction":1,"lastStatement":3,"seen":{"f:7:16:7:23":0,"b:8:10:8:Infinity":0,"b:9:14:9:Infinity":1,"s:14:4:14:Infinity":0,"s:15:22:17:Infinity":1,"b:16:6:16:Infinity:17:6:17:Infinity":2,"s:19:2:25:Infinity":2}}}
,"/home/maks/repos/maks-test/home_editor_remix/app/components/atoms/Textarea.tsx": {"path":"/home/maks/repos/maks-test/home_editor_remix/app/components/atoms/Textarea.tsx","statementMap":{"0":{"start":{"line":14,"column":4},"end":{"line":14,"column":null}},"1":{"start":{"line":15,"column":22},"end":{"line":17,"column":null}},"2":{"start":{"line":19,"column":2},"end":{"line":23,"column":null}}},"fnMap":{"0":{"name":"Textarea","decl":{"start":{"line":8,"column":16},"end":{"line":8,"column":25}},"loc":{"start":{"line":12,"column":18},"end":{"line":25,"column":null}},"line":12}},"branchMap":{"0":{"loc":{"start":{"line":9,"column":2},"end":{"line":9,"column":null}},"type":"default-arg","locations":[{"start":{"line":9,"column":10},"end":{"line":9,"column":null}}],"line":9},"1":{"loc":{"start":{"line":10,"column":2},"end":{"line":10,"column":null}},"type":"default-arg","locations":[{"start":{"line":10,"column":14},"end":{"line":10,"column":null}}],"line":10},"2":{"loc":{"start":{"line":15,"column":22},"end":{"line":17,"column":null}},"type":"cond-expr","locations":[{"start":{"line":16,"column":6},"end":{"line":16,"column":null}},{"start":{"line":17,"column":6},"end":{"line":17,"column":null}}],"line":15}},"s":{"0":1,"1":1,"2":1},"f":{"0":1},"b":{"0":[1],"1":[1],"2":[0,1]},"meta":{"lastBranch":3,"lastFunction":1,"lastStatement":3,"seen":{"f:8:16:8:25":0,"b:9:10:9:Infinity":0,"b:10:14:10:Infinity":1,"s:14:4:14:Infinity":0,"s:15:22:17:Infinity":1,"b:16:6:16:Infinity:17:6:17:Infinity":2,"s:19:2:23:Infinity":2}}}
,"/home/maks/repos/maks-test/home_editor_remix/app/components/molecules/FormField.tsx": {"path":"/home/maks/repos/maks-test/home_editor_remix/app/components/molecules/FormField.tsx","statementMap":{"0":{"start":{"line":46,"column":18},"end":{"line":46,"column":null}},"1":{"start":{"line":47,"column":19},"end":{"line":47,"column":null}},"2":{"start":{"line":49,"column":2},"end":{"line":97,"column":null}}},"fnMap":{"0":{"name":"FormField","decl":{"start":{"line":27,"column":16},"end":{"line":27,"column":26}},"loc":{"start":{"line":45,"column":19},"end":{"line":99,"column":null}},"line":45}},"branchMap":{"0":{"loc":{"start":{"line":30,"column":2},"end":{"line":30,"column":null}},"type":"default-arg","locations":[{"start":{"line":30,"column":13},"end":{"line":30,"column":null}}],"line":30},"1":{"loc":{"start":{"line":31,"column":2},"end":{"line":31,"column":null}},"type":"default-arg","locations":[{"start":{"line":31,"column":14},"end":{"line":31,"column":null}}],"line":31},"2":{"loc":{"start":{"line":46,"column":18},"end":{"line":46,"column":null}},"type":"binary-expr","locations":[{"start":{"line":46,"column":18},"end":{"line":46,"column":24}},{"start":{"line":46,"column":24},"end":{"line":46,"column":null}}],"line":46},"3":{"loc":{"start":{"line":54,"column":7},"end":{"line":68,"column":null}},"type":"binary-expr","locations":[{"start":{"line":54,"column":7},"end":{"line":54,"column":null}},{"start":{"line":55,"column":8},"end":{"line":68,"column":null}}],"line":54},"4":{"loc":{"start":{"line":70,"column":7},"end":{"line":81,"column":null}},"type":"binary-expr","locations":[{"start":{"line":70,"column":7},"end":{"line":70,"column":null}},{"start":{"line":71,"column":8},"end":{"line":81,"column":null}}],"line":70},"5":{"loc":{"start":{"line":83,"column":7},"end":{"line":94,"column":null}},"type":"binary-expr","locations":[{"start":{"line":83,"column":7},"end":{"line":83,"column":null}},{"start":{"line":84,"column":8},"end":{"line":94,"column":null}}],"line":83},"6":{"loc":{"start":{"line":96,"column":7},"end":{"line":96,"column":null}},"type":"binary-expr","locations":[{"start":{"line":96,"column":7},"end":{"line":96,"column":16}},{"start":{"line":96,"column":16},"end":{"line":96,"column":null}}],"line":96}},"s":{"0":11,"1":11,"2":11},"f":{"0":11},"b":{"0":[11],"1":[11],"2":[11,11],"3":[11,10],"4":[11,1],"5":[11,0],"6":[11,2]},"meta":{"lastBranch":7,"lastFunction":1,"lastStatement":3,"seen":{"f:27:16:27:26":0,"b:30:13:30:Infinity":0,"b:31:14:31:Infinity":1,"s:46:18:46:Infinity":0,"b:46:18:46:24:46:24:46:Infinity":2,"s:47:19:47:Infinity":1,"s:49:2:97:Infinity":2,"b:54:7:54:Infinity:55:8:68:Infinity":3,"b:70:7:70:Infinity:71:8:81:Infinity":4,"b:83:7:83:Infinity:84:8:94:Infinity":5,"b:96:7:96:16:96:16:96:Infinity":6}}}
,"/home/maks/repos/maks-test/home_editor_remix/app/components/molecules/Modal.tsx": {"path":"/home/maks/repos/maks-test/home_editor_remix/app/components/molecules/Modal.tsx","statementMap":{"0":{"start":{"line":20,"column":2},"end":{"line":20,"column":null}},"1":{"start":{"line":20,"column":15},"end":{"line":20,"column":null}},"2":{"start":{"line":22,"column":26},"end":{"line":26,"column":null}},"3":{"start":{"line":28,"column":2},"end":{"line":63,"column":null}},"4":{"start":{"line":35,"column":24},"end":{"line":35,"column":null}}},"fnMap":{"0":{"name":"Modal","decl":{"start":{"line":12,"column":16},"end":{"line":12,"column":22}},"loc":{"start":{"line":19,"column":15},"end":{"line":65,"column":null}},"line":19},"1":{"name":"(anonymous_1)","decl":{"start":{"line":35,"column":17},"end":{"line":35,"column":18}},"loc":{"start":{"line":35,"column":24},"end":{"line":35,"column":null}},"line":35}},"branchMap":{"0":{"loc":{"start":{"line":17,"column":2},"end":{"line":17,"column":null}},"type":"default-arg","locations":[{"start":{"line":17,"column":13},"end":{"line":17,"column":null}}],"line":17},"1":{"loc":{"start":{"line":18,"column":2},"end":{"line":18,"column":null}},"type":"default-arg","locations":[{"start":{"line":18,"column":20},"end":{"line":18,"column":null}}],"line":18},"2":{"loc":{"start":{"line":20,"column":2},"end":{"line":20,"column":null}},"type":"if","locations":[{"start":{"line":20,"column":2},"end":{"line":20,"column":null}},{"start":{},"end":{}}],"line":20},"3":{"loc":{"start":{"line":39,"column":11},"end":{"line":58,"column":null}},"type":"binary-expr","locations":[{"start":{"line":39,"column":11},"end":{"line":39,"column":null}},{"start":{"line":40,"column":12},"end":{"line":58,"column":null}}],"line":39}},"s":{"0":24,"1":3,"2":21,"3":21,"4":5},"f":{"0":24,"1":5},"b":{"0":[24],"1":[24],"2":[3,21],"3":[21,7]},"meta":{"lastBranch":4,"lastFunction":2,"lastStatement":5,"seen":{"f:12:16:12:22":0,"b:17:13:17:Infinity":0,"b:18:20:18:Infinity":1,"b:20:2:20:Infinity:undefined:undefined:undefined:undefined":2,"s:20:2:20:Infinity":0,"s:20:15:20:Infinity":1,"s:22:26:26:Infinity":2,"s:28:2:63:Infinity":3,"f:35:17:35:18":1,"s:35:24:35:Infinity":4,"b:39:11:39:Infinity:40:12:58:Infinity":3}}}
,"/home/maks/repos/maks-test/home_editor_remix/app/components/organisms/AlertDialog.tsx": {"path":"/home/maks/repos/maks-test/home_editor_remix/app/components/organisms/AlertDialog.tsx","statementMap":{"0":{"start":{"line":19,"column":24},"end":{"line":24,"column":null}},"1":{"start":{"line":26,"column":23},"end":{"line":67,"column":null}},"2":{"start":{"line":69,"column":2},"end":{"line":82,"column":null}}},"fnMap":{"0":{"name":"AlertDialog","decl":{"start":{"line":12,"column":16},"end":{"line":12,"column":28}},"loc":{"start":{"line":18,"column":21},"end":{"line":84,"column":null}},"line":18}},"branchMap":{"0":{"loc":{"start":{"line":17,"column":2},"end":{"line":17,"column":null}},"type":"default-arg","locations":[{"start":{"line":17,"column":12},"end":{"line":17,"column":null}}],"line":17}},"s":{"0":7,"1":7,"2":7},"f":{"0":7},"b":{"0":[7]},"meta":{"lastBranch":1,"lastFunction":1,"lastStatement":3,"seen":{"f:12:16:12:28":0,"b:17:12:17:Infinity":0,"s:19:24:24:Infinity":0,"s:26:23:67:Infinity":1,"s:69:2:82:Infinity":2}}}
,"/home/maks/repos/maks-test/home_editor_remix/app/components/organisms/ConfirmDialog.tsx": {"path":"/home/maks/repos/maks-test/home_editor_remix/app/components/organisms/ConfirmDialog.tsx","statementMap":{"0":{"start":{"line":27,"column":24},"end":{"line":31,"column":null}},"1":{"start":{"line":33,"column":87},"end":{"line":37,"column":null}},"2":{"start":{"line":39,"column":23},"end":{"line":70,"column":null}},"3":{"start":{"line":72,"column":2},"end":{"line":93,"column":null}}},"fnMap":{"0":{"name":"ConfirmDialog","decl":{"start":{"line":16,"column":16},"end":{"line":16,"column":30}},"loc":{"start":{"line":26,"column":23},"end":{"line":95,"column":null}},"line":26}},"branchMap":{"0":{"loc":{"start":{"line":22,"column":2},"end":{"line":22,"column":null}},"type":"default-arg","locations":[{"start":{"line":22,"column":17},"end":{"line":22,"column":null}}],"line":22},"1":{"loc":{"start":{"line":23,"column":2},"end":{"line":23,"column":null}},"type":"default-arg","locations":[{"start":{"line":23,"column":16},"end":{"line":23,"column":null}}],"line":23},"2":{"loc":{"start":{"line":24,"column":2},"end":{"line":24,"column":null}},"type":"default-arg","locations":[{"start":{"line":24,"column":12},"end":{"line":24,"column":null}}],"line":24},"3":{"loc":{"start":{"line":25,"column":2},"end":{"line":25,"column":null}},"type":"default-arg","locations":[{"start":{"line":25,"column":17},"end":{"line":25,"column":null}}],"line":25},"4":{"loc":{"start":{"line":90,"column":11},"end":{"line":90,"column":null}},"type":"cond-expr","locations":[{"start":{"line":90,"column":26},"end":{"line":90,"column":44}},{"start":{"line":90,"column":44},"end":{"line":90,"column":null}}],"line":90}},"s":{"0":8,"1":8,"2":8,"3":8},"f":{"0":8},"b":{"0":[8],"1":[8],"2":[8],"3":[8],"4":[1,7]},"meta":{"lastBranch":5,"lastFunction":1,"lastStatement":4,"seen":{"f:16:16:16:30":0,"b:22:17:22:Infinity":0,"b:23:16:23:Infinity":1,"b:24:12:24:Infinity":2,"b:25:17:25:Infinity":3,"s:27:24:31:Infinity":0,"s:33:87:37:Infinity":1,"s:39:23:70:Infinity":2,"s:72:2:93:Infinity":3,"b:90:26:90:44:90:44:90:Infinity":4}}}
,"/home/maks/repos/maks-test/home_editor_remix/app/hooks/useSidebarResize.ts": {"path":"/home/maks/repos/maks-test/home_editor_remix/app/hooks/useSidebarResize.ts","statementMap":{"0":{"start":{"line":16,"column":38},"end":{"line":16,"column":null}},"1":{"start":{"line":17,"column":36},"end":{"line":17,"column":null}},"2":{"start":{"line":18,"column":34},"end":{"line":18,"column":null}},"3":{"start":{"line":19,"column":30},"end":{"line":19,"column":null}},"4":{"start":{"line":22,"column":2},"end":{"line":31,"column":null}},"5":{"start":{"line":23,"column":24},"end":{"line":25,"column":null}},"6":{"start":{"line":24,"column":6},"end":{"line":24,"column":null}},"7":{"start":{"line":27,"column":4},"end":{"line":27,"column":null}},"8":{"start":{"line":28,"column":4},"end":{"line":28,"column":null}},"9":{"start":{"line":30,"column":4},"end":{"line":30,"column":null}},"10":{"start":{"line":30,"column":17},"end":{"line":30,"column":null}},"11":{"start":{"line":34,"column":2},"end":{"line":53,"column":null}},"12":{"start":{"line":35,"column":4},"end":{"line":35,"column":null}},"13":{"start":{"line":35,"column":21},"end":{"line":35,"column":null}},"14":{"start":{"line":37,"column":28},"end":{"line":40,"column":null}},"15":{"start":{"line":38,"column":23},"end":{"line":38,"column":null}},"16":{"start":{"line":39,"column":6},"end":{"line":39,"column":null}},"17":{"start":{"line":42,"column":26},"end":{"line":44,"column":null}},"18":{"start":{"line":43,"column":6},"end":{"line":43,"column":null}},"19":{"start":{"line":46,"column":4},"end":{"line":46,"column":null}},"20":{"start":{"line":47,"column":4},"end":{"line":47,"column":null}},"21":{"start":{"line":49,"column":4},"end":{"line":52,"column":null}},"22":{"start":{"line":50,"column":6},"end":{"line":50,"column":null}},"23":{"start":{"line":51,"column":6},"end":{"line":51,"column":null}},"24":{"start":{"line":55,"column":2},"end":{"line":63,"column":null}},"25":{"start":{"line":61,"column":23},"end":{"line":61,"column":null}}},"fnMap":{"0":{"name":"useSidebarResize","decl":{"start":{"line":13,"column":16},"end":{"line":13,"column":null}},"loc":{"start":{"line":15,"column":26},"end":{"line":64,"column":null}},"line":15},"1":{"name":"(anonymous_1)","decl":{"start":{"line":22,"column":12},"end":{"line":22,"column":18}},"loc":{"start":{"line":22,"column":18},"end":{"line":31,"column":5}},"line":22},"2":{"name":"(anonymous_2)","decl":{"start":{"line":23,"column":24},"end":{"line":23,"column":30}},"loc":{"start":{"line":23,"column":30},"end":{"line":25,"column":null}},"line":23},"3":{"name":"(anonymous_3)","decl":{"start":{"line":30,"column":11},"end":{"line":30,"column":17}},"loc":{"start":{"line":30,"column":17},"end":{"line":30,"column":null}},"line":30},"4":{"name":"(anonymous_4)","decl":{"start":{"line":34,"column":12},"end":{"line":34,"column":18}},"loc":{"start":{"line":34,"column":18},"end":{"line":53,"column":5}},"line":34},"5":{"name":"(anonymous_5)","decl":{"start":{"line":37,"column":28},"end":{"line":37,"column":29}},"loc":{"start":{"line":37,"column":47},"end":{"line":40,"column":null}},"line":37},"6":{"name":"(anonymous_6)","decl":{"start":{"line":42,"column":26},"end":{"line":42,"column":32}},"loc":{"start":{"line":42,"column":32},"end":{"line":44,"column":null}},"line":42},"7":{"name":"(anonymous_7)","decl":{"start":{"line":49,"column":11},"end":{"line":49,"column":17}},"loc":{"start":{"line":49,"column":17},"end":{"line":52,"column":null}},"line":49},"8":{"name":"(anonymous_8)","decl":{"start":{"line":61,"column":17},"end":{"line":61,"column":23}},"loc":{"start":{"line":61,"column":23},"end":{"line":61,"column":null}},"line":61}},"branchMap":{"0":{"loc":{"start":{"line":14,"column":2},"end":{"line":14,"column":null}},"type":"default-arg","locations":[{"start":{"line":14,"column":17},"end":{"line":14,"column":null}}],"line":14},"1":{"loc":{"start":{"line":35,"column":4},"end":{"line":35,"column":null}},"type":"if","locations":[{"start":{"line":35,"column":4},"end":{"line":35,"column":null}},{"start":{},"end":{}}],"line":35}},"s":{"0":8,"1":8,"2":8,"3":8,"4":8,"5":5,"6":5,"7":5,"8":5,"9":5,"10":5,"11":8,"12":6,"13":5,"14":1,"15":0,"16":0,"17":1,"18":0,"19":1,"20":1,"21":1,"22":1,"23":1,"24":8,"25":1},"f":{"0":8,"1":5,"2":5,"3":5,"4":6,"5":0,"6":0,"7":1,"8":1},"b":{"0":[8],"1":[5,1]},"meta":{"lastBranch":2,"lastFunction":9,"lastStatement":26,"seen":{"f:13:16:13:Infinity":0,"b:14:17:14:Infinity":0,"s:16:38:16:Infinity":0,"s:17:36:17:Infinity":1,"s:18:34:18:Infinity":2,"s:19:30:19:Infinity":3,"s:22:2:31:Infinity":4,"f:22:12:22:18":1,"s:23:24:25:Infinity":5,"f:23:24:23:30":2,"s:24:6:24:Infinity":6,"s:27:4:27:Infinity":7,"s:28:4:28:Infinity":8,"s:30:4:30:Infinity":9,"f:30:11:30:17":3,"s:30:17:30:Infinity":10,"s:34:2:53:Infinity":11,"f:34:12:34:18":4,"b:35:4:35:Infinity:undefined:undefined:undefined:undefined":1,"s:35:4:35:Infinity":12,"s:35:21:35:Infinity":13,"s:37:28:40:Infinity":14,"f:37:28:37:29":5,"s:38:23:38:Infinity":15,"s:39:6:39:Infinity":16,"s:42:26:44:Infinity":17,"f:42:26:42:32":6,"s:43:6:43:Infinity":18,"s:46:4:46:Infinity":19,"s:47:4:47:Infinity":20,"s:49:4:52:Infinity":21,"f:49:11:49:17":7,"s:50:6:50:Infinity":22,"s:51:6:51:Infinity":23,"s:55:2:63:Infinity":24,"f:61:17:61:23":8,"s:61:23:61:Infinity":25}}}
,"/home/maks/repos/maks-test/home_editor_remix/app/lib/api-responses.server.ts": {"path":"/home/maks/repos/maks-test/home_editor_remix/app/lib/api-responses.server.ts","statementMap":{"0":{"start":{"line":17,"column":30},"end":{"line":17,"column":null}},"1":{"start":{"line":18,"column":2},"end":{"line":21,"column":null}},"2":{"start":{"line":29,"column":30},"end":{"line":29,"column":null}},"3":{"start":{"line":30,"column":2},"end":{"line":33,"column":null}},"4":{"start":{"line":41,"column":30},"end":{"line":41,"column":null}},"5":{"start":{"line":42,"column":2},"end":{"line":45,"column":null}},"6":{"start":{"line":53,"column":30},"end":{"line":53,"column":null}},"7":{"start":{"line":54,"column":2},"end":{"line":57,"column":null}},"8":{"start":{"line":65,"column":30},"end":{"line":65,"column":null}},"9":{"start":{"line":66,"column":2},"end":{"line":69,"column":null}},"10":{"start":{"line":77,"column":30},"end":{"line":77,"column":null}},"11":{"start":{"line":78,"column":2},"end":{"line":81,"column":null}},"12":{"start":{"line":89,"column":30},"end":{"line":89,"column":null}},"13":{"start":{"line":90,"column":2},"end":{"line":93,"column":null}},"14":{"start":{"line":102,"column":2},"end":{"line":105,"column":null}},"15":{"start":{"line":113,"column":2},"end":{"line":116,"column":null}}},"fnMap":{"0":{"name":"badRequest","decl":{"start":{"line":16,"column":16},"end":{"line":16,"column":27}},"loc":{"start":{"line":16,"column":91},"end":{"line":22,"column":null}},"line":16},"1":{"name":"unauthorized","decl":{"start":{"line":28,"column":16},"end":{"line":28,"column":29}},"loc":{"start":{"line":28,"column":93},"end":{"line":34,"column":null}},"line":28},"2":{"name":"forbidden","decl":{"start":{"line":40,"column":16},"end":{"line":40,"column":26}},"loc":{"start":{"line":40,"column":90},"end":{"line":46,"column":null}},"line":40},"3":{"name":"notFound","decl":{"start":{"line":52,"column":16},"end":{"line":52,"column":25}},"loc":{"start":{"line":52,"column":89},"end":{"line":58,"column":null}},"line":52},"4":{"name":"conflict","decl":{"start":{"line":64,"column":16},"end":{"line":64,"column":25}},"loc":{"start":{"line":64,"column":89},"end":{"line":70,"column":null}},"line":64},"5":{"name":"payloadTooLarge","decl":{"start":{"line":76,"column":16},"end":{"line":76,"column":32}},"loc":{"start":{"line":76,"column":96},"end":{"line":82,"column":null}},"line":76},"6":{"name":"internalError","decl":{"start":{"line":88,"column":16},"end":{"line":88,"column":30}},"loc":{"start":{"line":88,"column":94},"end":{"line":94,"column":null}},"line":88},"7":{"name":"ok","decl":{"start":{"line":101,"column":16},"end":{"line":101,"column":22}},"loc":{"start":{"line":101,"column":41},"end":{"line":106,"column":null}},"line":101},"8":{"name":"created","decl":{"start":{"line":112,"column":16},"end":{"line":112,"column":27}},"loc":{"start":{"line":112,"column":46},"end":{"line":117,"column":null}},"line":112}},"branchMap":{},"s":{"0":2,"1":2,"2":1,"3":1,"4":1,"5":1,"6":1,"7":1,"8":0,"9":0,"10":0,"11":0,"12":1,"13":1,"14":2,"15":0},"f":{"0":2,"1":1,"2":1,"3":1,"4":0,"5":0,"6":1,"7":2,"8":0},"b":{},"meta":{"lastBranch":0,"lastFunction":9,"lastStatement":16,"seen":{"f:16:16:16:27":0,"s:17:30:17:Infinity":0,"s:18:2:21:Infinity":1,"f:28:16:28:29":1,"s:29:30:29:Infinity":2,"s:30:2:33:Infinity":3,"f:40:16:40:26":2,"s:41:30:41:Infinity":4,"s:42:2:45:Infinity":5,"f:52:16:52:25":3,"s:53:30:53:Infinity":6,"s:54:2:57:Infinity":7,"f:64:16:64:25":4,"s:65:30:65:Infinity":8,"s:66:2:69:Infinity":9,"f:76:16:76:32":5,"s:77:30:77:Infinity":10,"s:78:2:81:Infinity":11,"f:88:16:88:30":6,"s:89:30:89:Infinity":12,"s:90:2:93:Infinity":13,"f:101:16:101:22":7,"s:102:2:105:Infinity":14,"f:112:16:112:27":8,"s:113:2:116:Infinity":15}}}
,"/home/maks/repos/maks-test/home_editor_remix/app/lib/api-types.ts": {"path":"/home/maks/repos/maks-test/home_editor_remix/app/lib/api-types.ts","statementMap":{"0":{"start":{"line":13,"column":25},"end":{"line":46,"column":null}}},"fnMap":{},"branchMap":{},"s":{"0":1},"f":{},"b":{},"meta":{"lastBranch":0,"lastFunction":0,"lastStatement":1,"seen":{"s:13:25:46:Infinity":0}}}
,"/home/maks/repos/maks-test/home_editor_remix/app/lib/schema-migrations.server.ts": {"path":"/home/maks/repos/maks-test/home_editor_remix/app/lib/schema-migrations.server.ts","statementMap":{"0":{"start":{"line":19,"column":38},"end":{"line":19,"column":null}},"1":{"start":{"line":25,"column":44},"end":{"line":25,"column":null}},"2":{"start":{"line":86,"column":57},"end":{"line":89,"column":null}},"3":{"start":{"line":97,"column":2},"end":{"line":97,"column":null}},"4":{"start":{"line":105,"column":2},"end":{"line":107,"column":null}},"5":{"start":{"line":106,"column":4},"end":{"line":106,"column":null}},"6":{"start":{"line":109,"column":2},"end":{"line":111,"column":null}},"7":{"start":{"line":110,"column":4},"end":{"line":110,"column":null}},"8":{"start":{"line":113,"column":2},"end":{"line":115,"column":null}},"9":{"start":{"line":114,"column":4},"end":{"line":114,"column":null}},"10":{"start":{"line":117,"column":2},"end":{"line":117,"column":null}},"11":{"start":{"line":130,"column":23},"end":{"line":130,"column":null}},"12":{"start":{"line":131,"column":2},"end":{"line":133,"column":null}},"13":{"start":{"line":132,"column":4},"end":{"line":132,"column":null}},"14":{"start":{"line":136,"column":2},"end":{"line":138,"column":null}},"15":{"start":{"line":137,"column":4},"end":{"line":137,"column":null}},"16":{"start":{"line":141,"column":23},"end":{"line":141,"column":null}},"17":{"start":{"line":142,"column":23},"end":{"line":142,"column":null}},"18":{"start":{"line":144,"column":2},"end":{"line":165,"column":null}},"19":{"start":{"line":145,"column":26},"end":{"line":145,"column":null}},"20":{"start":{"line":146,"column":21},"end":{"line":146,"column":null}},"21":{"start":{"line":148,"column":4},"end":{"line":153,"column":null}},"22":{"start":{"line":149,"column":6},"end":{"line":152,"column":null}},"23":{"start":{"line":155,"column":4},"end":{"line":164,"column":null}},"24":{"start":{"line":156,"column":6},"end":{"line":156,"column":null}},"25":{"start":{"line":157,"column":6},"end":{"line":157,"column":null}},"26":{"start":{"line":159,"column":6},"end":{"line":163,"column":null}},"27":{"start":{"line":167,"column":2},"end":{"line":167,"column":null}},"28":{"start":{"line":179,"column":2},"end":{"line":179,"column":null}}},"fnMap":{"0":{"name":"isSchemVersionSupported","decl":{"start":{"line":96,"column":16},"end":{"line":96,"column":40}},"loc":{"start":{"line":96,"column":66},"end":{"line":98,"column":null}},"line":96},"1":{"name":"validateSchemaVersion","decl":{"start":{"line":104,"column":16},"end":{"line":104,"column":38}},"loc":{"start":{"line":104,"column":70},"end":{"line":118,"column":null}},"line":104},"2":{"name":"migrateConfigToLatest","decl":{"start":{"line":128,"column":16},"end":{"line":128,"column":38}},"loc":{"start":{"line":128,"column":83},"end":{"line":168,"column":null}},"line":128},"3":{"name":"importAndMigrateConfig","decl":{"start":{"line":178,"column":16},"end":{"line":178,"column":39}},"loc":{"start":{"line":178,"column":84},"end":{"line":180,"column":null}},"line":178}},"branchMap":{"0":{"loc":{"start":{"line":97,"column":9},"end":{"line":97,"column":null}},"type":"binary-expr","locations":[{"start":{"line":97,"column":9},"end":{"line":97,"column":52}},{"start":{"line":97,"column":52},"end":{"line":97,"column":null}}],"line":97},"1":{"loc":{"start":{"line":105,"column":2},"end":{"line":107,"column":null}},"type":"if","locations":[{"start":{"line":105,"column":2},"end":{"line":107,"column":null}},{"start":{},"end":{}}],"line":105},"2":{"loc":{"start":{"line":105,"column":6},"end":{"line":105,"column":80}},"type":"binary-expr","locations":[{"start":{"line":105,"column":6},"end":{"line":105,"column":37}},{"start":{"line":105,"column":37},"end":{"line":105,"column":67}},{"start":{"line":105,"column":67},"end":{"line":105,"column":80}}],"line":105},"3":{"loc":{"start":{"line":109,"column":2},"end":{"line":111,"column":null}},"type":"if","locations":[{"start":{"line":109,"column":2},"end":{"line":111,"column":null}},{"start":{},"end":{}}],"line":109},"4":{"loc":{"start":{"line":113,"column":2},"end":{"line":115,"column":null}},"type":"if","locations":[{"start":{"line":113,"column":2},"end":{"line":115,"column":null}},{"start":{},"end":{}}],"line":113},"5":{"loc":{"start":{"line":131,"column":2},"end":{"line":133,"column":null}},"type":"if","locations":[{"start":{"line":131,"column":2},"end":{"line":133,"column":null}},{"start":{},"end":{}}],"line":131},"6":{"loc":{"start":{"line":136,"column":2},"end":{"line":138,"column":null}},"type":"if","locations":[{"start":{"line":136,"column":2},"end":{"line":138,"column":null}},{"start":{},"end":{}}],"line":136},"7":{"loc":{"start":{"line":148,"column":4},"end":{"line":153,"column":null}},"type":"if","locations":[{"start":{"line":148,"column":4},"end":{"line":153,"column":null}},{"start":{},"end":{}}],"line":148},"8":{"loc":{"start":{"line":161,"column":10},"end":{"line":161,"column":null}},"type":"cond-expr","locations":[{"start":{"line":161,"column":35},"end":{"line":161,"column":51}},{"start":{"line":161,"column":51},"end":{"line":161,"column":null}}],"line":161}},"s":{"0":1,"1":1,"2":1,"3":0,"4":10,"5":4,"6":6,"7":0,"8":6,"9":2,"10":4,"11":4,"12":4,"13":1,"14":3,"15":3,"16":0,"17":0,"18":0,"19":0,"20":0,"21":0,"22":0,"23":0,"24":0,"25":0,"26":0,"27":0,"28":4},"f":{"0":0,"1":10,"2":4,"3":4},"b":{"0":[0,0],"1":[4,6],"2":[10,10,8],"3":[0,6],"4":[2,4],"5":[1,3],"6":[3,0],"7":[0,0],"8":[0,0]},"meta":{"lastBranch":9,"lastFunction":4,"lastStatement":29,"seen":{"s:19:38:19:Infinity":0,"s:25:44:25:Infinity":1,"s:86:57:89:Infinity":2,"f:96:16:96:40":0,"s:97:2:97:Infinity":3,"b:97:9:97:52:97:52:97:Infinity":0,"f:104:16:104:38":1,"b:105:2:107:Infinity:undefined:undefined:undefined:undefined":1,"s:105:2:107:Infinity":4,"b:105:6:105:37:105:37:105:67:105:67:105:80":2,"s:106:4:106:Infinity":5,"b:109:2:111:Infinity:undefined:undefined:undefined:undefined":3,"s:109:2:111:Infinity":6,"s:110:4:110:Infinity":7,"b:113:2:115:Infinity:undefined:undefined:undefined:undefined":4,"s:113:2:115:Infinity":8,"s:114:4:114:Infinity":9,"s:117:2:117:Infinity":10,"f:128:16:128:38":2,"s:130:23:130:Infinity":11,"b:131:2:133:Infinity:undefined:undefined:undefined:undefined":5,"s:131:2:133:Infinity":12,"s:132:4:132:Infinity":13,"b:136:2:138:Infinity:undefined:undefined:undefined:undefined":6,"s:136:2:138:Infinity":14,"s:137:4:137:Infinity":15,"s:141:23:141:Infinity":16,"s:142:23:142:Infinity":17,"s:144:2:165:Infinity":18,"s:145:26:145:Infinity":19,"s:146:21:146:Infinity":20,"b:148:4:153:Infinity:undefined:undefined:undefined:undefined":7,"s:148:4:153:Infinity":21,"s:149:6:152:Infinity":22,"s:155:4:164:Infinity":23,"s:156:6:156:Infinity":24,"s:157:6:157:Infinity":25,"s:159:6:163:Infinity":26,"b:161:35:161:51:161:51:161:Infinity":8,"s:167:2:167:Infinity":27,"f:178:16:178:39":3,"s:179:2:179:Infinity":28}}}
,"/home/maks/repos/maks-test/home_editor_remix/app/lib/validation.ts": {"path":"/home/maks/repos/maks-test/home_editor_remix/app/lib/validation.ts","statementMap":{"0":{"start":{"line":4,"column":2},"end":{"line":4,"column":null}},"1":{"start":{"line":4,"column":33},"end":{"line":4,"column":null}},"2":{"start":{"line":5,"column":2},"end":{"line":5,"column":null}},"3":{"start":{"line":9,"column":2},"end":{"line":9,"column":null}},"4":{"start":{"line":9,"column":31},"end":{"line":9,"column":null}},"5":{"start":{"line":10,"column":2},"end":{"line":15,"column":null}},"6":{"start":{"line":11,"column":4},"end":{"line":11,"column":null}},"7":{"start":{"line":12,"column":4},"end":{"line":12,"column":null}},"8":{"start":{"line":14,"column":4},"end":{"line":14,"column":null}},"9":{"start":{"line":21,"column":2},"end":{"line":21,"column":null}},"10":{"start":{"line":25,"column":2},"end":{"line":25,"column":null}},"11":{"start":{"line":25,"column":36},"end":{"line":25,"column":null}},"12":{"start":{"line":28,"column":2},"end":{"line":28,"column":null}},"13":{"start":{"line":35,"column":2},"end":{"line":37,"column":null}},"14":{"start":{"line":36,"column":4},"end":{"line":36,"column":null}},"15":{"start":{"line":39,"column":2},"end":{"line":41,"column":null}},"16":{"start":{"line":40,"column":4},"end":{"line":40,"column":null}},"17":{"start":{"line":43,"column":2},"end":{"line":48,"column":null}},"18":{"start":{"line":44,"column":4},"end":{"line":47,"column":null}},"19":{"start":{"line":50,"column":2},"end":{"line":50,"column":null}},"20":{"start":{"line":57,"column":27},"end":{"line":57,"column":null}},"21":{"start":{"line":60,"column":2},"end":{"line":77,"column":null}},"22":{"start":{"line":61,"column":4},"end":{"line":61,"column":null}},"23":{"start":{"line":63,"column":4},"end":{"line":71,"column":null}},"24":{"start":{"line":64,"column":6},"end":{"line":64,"column":null}},"25":{"start":{"line":66,"column":6},"end":{"line":70,"column":null}},"26":{"start":{"line":67,"column":8},"end":{"line":69,"column":null}},"27":{"start":{"line":68,"column":10},"end":{"line":68,"column":null}},"28":{"start":{"line":72,"column":4},"end":{"line":76,"column":null}},"29":{"start":{"line":73,"column":6},"end":{"line":75,"column":null}},"30":{"start":{"line":80,"column":2},"end":{"line":97,"column":null}},"31":{"start":{"line":81,"column":4},"end":{"line":81,"column":null}},"32":{"start":{"line":83,"column":4},"end":{"line":85,"column":null}},"33":{"start":{"line":84,"column":6},"end":{"line":84,"column":null}},"34":{"start":{"line":86,"column":4},"end":{"line":88,"column":null}},"35":{"start":{"line":87,"column":6},"end":{"line":87,"column":null}},"36":{"start":{"line":89,"column":4},"end":{"line":91,"column":null}},"37":{"start":{"line":90,"column":6},"end":{"line":90,"column":null}},"38":{"start":{"line":92,"column":4},"end":{"line":96,"column":null}},"39":{"start":{"line":93,"column":6},"end":{"line":95,"column":null}},"40":{"start":{"line":100,"column":2},"end":{"line":115,"column":null}},"41":{"start":{"line":101,"column":4},"end":{"line":101,"column":null}},"42":{"start":{"line":103,"column":4},"end":{"line":105,"column":null}},"43":{"start":{"line":104,"column":6},"end":{"line":104,"column":null}},"44":{"start":{"line":106,"column":4},"end":{"line":108,"column":null}},"45":{"start":{"line":107,"column":6},"end":{"line":107,"column":null}},"46":{"start":{"line":109,"column":4},"end":{"line":111,"column":null}},"47":{"start":{"line":110,"column":6},"end":{"line":110,"column":null}},"48":{"start":{"line":112,"column":4},"end":{"line":114,"column":null}},"49":{"start":{"line":113,"column":6},"end":{"line":113,"column":null}},"50":{"start":{"line":117,"column":2},"end":{"line":120,"column":null}}},"fnMap":{"0":{"name":"isValidHexColor","decl":{"start":{"line":3,"column":16},"end":{"line":3,"column":32}},"loc":{"start":{"line":3,"column":56},"end":{"line":6,"column":null}},"line":3},"1":{"name":"isValidUrl","decl":{"start":{"line":8,"column":16},"end":{"line":8,"column":27}},"loc":{"start":{"line":8,"column":49},"end":{"line":16,"column":null}},"line":8},"2":{"name":"isValidAspectRatio","decl":{"start":{"line":18,"column":16},"end":{"line":18,"column":null}},"loc":{"start":{"line":20,"column":48},"end":{"line":22,"column":null}},"line":20},"3":{"name":"isValidConfigId","decl":{"start":{"line":24,"column":16},"end":{"line":24,"column":32}},"loc":{"start":{"line":24,"column":59},"end":{"line":29,"column":null}},"line":24},"4":{"name":"validateConfigId","decl":{"start":{"line":31,"column":16},"end":{"line":31,"column":33}},"loc":{"start":{"line":34,"column":2},"end":{"line":51,"column":null}},"line":34},"5":{"name":"validateConfig","decl":{"start":{"line":53,"column":16},"end":{"line":53,"column":31}},"loc":{"start":{"line":56,"column":2},"end":{"line":121,"column":null}},"line":56},"6":{"name":"(anonymous_6)","decl":{"start":{"line":66,"column":37},"end":{"line":66,"column":38}},"loc":{"start":{"line":66,"column":53},"end":{"line":70,"column":7}},"line":66}},"branchMap":{"0":{"loc":{"start":{"line":4,"column":2},"end":{"line":4,"column":null}},"type":"if","locations":[{"start":{"line":4,"column":2},"end":{"line":4,"column":null}},{"start":{},"end":{}}],"line":4},"1":{"loc":{"start":{"line":9,"column":2},"end":{"line":9,"column":null}},"type":"if","locations":[{"start":{"line":9,"column":2},"end":{"line":9,"column":null}},{"start":{},"end":{}}],"line":9},"2":{"loc":{"start":{"line":25,"column":2},"end":{"line":25,"column":null}},"type":"if","locations":[{"start":{"line":25,"column":2},"end":{"line":25,"column":null}},{"start":{},"end":{}}],"line":25},"3":{"loc":{"start":{"line":35,"column":2},"end":{"line":37,"column":null}},"type":"if","locations":[{"start":{"line":35,"column":2},"end":{"line":37,"column":null}},{"start":{},"end":{}}],"line":35},"4":{"loc":{"start":{"line":35,"column":6},"end":{"line":35,"column":49}},"type":"binary-expr","locations":[{"start":{"line":35,"column":6},"end":{"line":35,"column":19}},{"start":{"line":35,"column":19},"end":{"line":35,"column":49}}],"line":35},"5":{"loc":{"start":{"line":39,"column":2},"end":{"line":41,"column":null}},"type":"if","locations":[{"start":{"line":39,"column":2},"end":{"line":41,"column":null}},{"start":{},"end":{}}],"line":39},"6":{"loc":{"start":{"line":43,"column":2},"end":{"line":48,"column":null}},"type":"if","locations":[{"start":{"line":43,"column":2},"end":{"line":48,"column":null}},{"start":{},"end":{}}],"line":43},"7":{"loc":{"start":{"line":60,"column":2},"end":{"line":77,"column":null}},"type":"if","locations":[{"start":{"line":60,"column":2},"end":{"line":77,"column":null}},{"start":{"line":62,"column":9},"end":{"line":77,"column":null}}],"line":60},"8":{"loc":{"start":{"line":63,"column":4},"end":{"line":71,"column":null}},"type":"if","locations":[{"start":{"line":63,"column":4},"end":{"line":71,"column":null}},{"start":{"line":65,"column":11},"end":{"line":71,"column":null}}],"line":63},"9":{"loc":{"start":{"line":67,"column":8},"end":{"line":69,"column":null}},"type":"if","locations":[{"start":{"line":67,"column":8},"end":{"line":69,"column":null}},{"start":{},"end":{}}],"line":67},"10":{"loc":{"start":{"line":72,"column":4},"end":{"line":76,"column":null}},"type":"if","locations":[{"start":{"line":72,"column":4},"end":{"line":76,"column":null}},{"start":{},"end":{}}],"line":72},"11":{"loc":{"start":{"line":80,"column":2},"end":{"line":97,"column":null}},"type":"if","locations":[{"start":{"line":80,"column":2},"end":{"line":97,"column":null}},{"start":{"line":82,"column":9},"end":{"line":97,"column":null}}],"line":80},"12":{"loc":{"start":{"line":83,"column":4},"end":{"line":85,"column":null}},"type":"if","locations":[{"start":{"line":83,"column":4},"end":{"line":85,"column":null}},{"start":{},"end":{}}],"line":83},"13":{"loc":{"start":{"line":86,"column":4},"end":{"line":88,"column":null}},"type":"if","locations":[{"start":{"line":86,"column":4},"end":{"line":88,"column":null}},{"start":{},"end":{}}],"line":86},"14":{"loc":{"start":{"line":89,"column":4},"end":{"line":91,"column":null}},"type":"if","locations":[{"start":{"line":89,"column":4},"end":{"line":91,"column":null}},{"start":{},"end":{}}],"line":89},"15":{"loc":{"start":{"line":92,"column":4},"end":{"line":96,"column":null}},"type":"if","locations":[{"start":{"line":92,"column":4},"end":{"line":96,"column":null}},{"start":{},"end":{}}],"line":92},"16":{"loc":{"start":{"line":100,"column":2},"end":{"line":115,"column":null}},"type":"if","locations":[{"start":{"line":100,"column":2},"end":{"line":115,"column":null}},{"start":{"line":102,"column":9},"end":{"line":115,"column":null}}],"line":100},"17":{"loc":{"start":{"line":103,"column":4},"end":{"line":105,"column":null}},"type":"if","locations":[{"start":{"line":103,"column":4},"end":{"line":105,"column":null}},{"start":{},"end":{}}],"line":103},"18":{"loc":{"start":{"line":103,"column":8},"end":{"line":103,"column":80}},"type":"binary-expr","locations":[{"start":{"line":103,"column":8},"end":{"line":103,"column":48}},{"start":{"line":103,"column":48},"end":{"line":103,"column":80}}],"line":103},"19":{"loc":{"start":{"line":106,"column":4},"end":{"line":108,"column":null}},"type":"if","locations":[{"start":{"line":106,"column":4},"end":{"line":108,"column":null}},{"start":{},"end":{}}],"line":106},"20":{"loc":{"start":{"line":109,"column":4},"end":{"line":111,"column":null}},"type":"if","locations":[{"start":{"line":109,"column":4},"end":{"line":111,"column":null}},{"start":{},"end":{}}],"line":109},"21":{"loc":{"start":{"line":112,"column":4},"end":{"line":114,"column":null}},"type":"if","locations":[{"start":{"line":112,"column":4},"end":{"line":114,"column":null}},{"start":{},"end":{}}],"line":112}},"s":{"0":53,"1":0,"2":53,"3":45,"4":0,"5":45,"6":45,"7":45,"8":5,"9":10,"10":11,"11":0,"12":11,"13":12,"14":1,"15":11,"16":0,"17":11,"18":5,"19":6,"20":11,"21":11,"22":1,"23":10,"24":0,"25":10,"26":26,"27":1,"28":10,"29":2,"30":11,"31":0,"32":11,"33":0,"34":11,"35":2,"36":11,"37":0,"38":11,"39":1,"40":11,"41":0,"42":11,"43":1,"44":11,"45":1,"46":11,"47":0,"48":11,"49":0,"50":11},"f":{"0":53,"1":45,"2":10,"3":11,"4":12,"5":11,"6":26},"b":{"0":[0,53],"1":[0,45],"2":[0,11],"3":[1,11],"4":[12,11],"5":[0,11],"6":[5,6],"7":[1,10],"8":[0,10],"9":[1,25],"10":[2,8],"11":[0,11],"12":[0,11],"13":[2,9],"14":[0,11],"15":[1,10],"16":[0,11],"17":[1,10],"18":[11,11],"19":[1,10],"20":[0,11],"21":[0,11]},"meta":{"lastBranch":22,"lastFunction":7,"lastStatement":51,"seen":{"f:3:16:3:32":0,"b:4:2:4:Infinity:undefined:undefined:undefined:undefined":0,"s:4:2:4:Infinity":0,"s:4:33:4:Infinity":1,"s:5:2:5:Infinity":2,"f:8:16:8:27":1,"b:9:2:9:Infinity:undefined:undefined:undefined:undefined":1,"s:9:2:9:Infinity":3,"s:9:31:9:Infinity":4,"s:10:2:15:Infinity":5,"s:11:4:11:Infinity":6,"s:12:4:12:Infinity":7,"s:14:4:14:Infinity":8,"f:18:16:18:Infinity":2,"s:21:2:21:Infinity":9,"f:24:16:24:32":3,"b:25:2:25:Infinity:undefined:undefined:undefined:undefined":2,"s:25:2:25:Infinity":10,"s:25:36:25:Infinity":11,"s:28:2:28:Infinity":12,"f:31:16:31:33":4,"b:35:2:37:Infinity:undefined:undefined:undefined:undefined":3,"s:35:2:37:Infinity":13,"b:35:6:35:19:35:19:35:49":4,"s:36:4:36:Infinity":14,"b:39:2:41:Infinity:undefined:undefined:undefined:undefined":5,"s:39:2:41:Infinity":15,"s:40:4:40:Infinity":16,"b:43:2:48:Infinity:undefined:undefined:undefined:undefined":6,"s:43:2:48:Infinity":17,"s:44:4:47:Infinity":18,"s:50:2:50:Infinity":19,"f:53:16:53:31":5,"s:57:27:57:Infinity":20,"b:60:2:77:Infinity:62:9:77:Infinity":7,"s:60:2:77:Infinity":21,"s:61:4:61:Infinity":22,"b:63:4:71:Infinity:65:11:71:Infinity":8,"s:63:4:71:Infinity":23,"s:64:6:64:Infinity":24,"s:66:6:70:Infinity":25,"f:66:37:66:38":6,"b:67:8:69:Infinity:undefined:undefined:undefined:undefined":9,"s:67:8:69:Infinity":26,"s:68:10:68:Infinity":27,"b:72:4:76:Infinity:undefined:undefined:undefined:undefined":10,"s:72:4:76:Infinity":28,"s:73:6:75:Infinity":29,"b:80:2:97:Infinity:82:9:97:Infinity":11,"s:80:2:97:Infinity":30,"s:81:4:81:Infinity":31,"b:83:4:85:Infinity:undefined:undefined:undefined:undefined":12,"s:83:4:85:Infinity":32,"s:84:6:84:Infinity":33,"b:86:4:88:Infinity:undefined:undefined:undefined:undefined":13,"s:86:4:88:Infinity":34,"s:87:6:87:Infinity":35,"b:89:4:91:Infinity:undefined:undefined:undefined:undefined":14,"s:89:4:91:Infinity":36,"s:90:6:90:Infinity":37,"b:92:4:96:Infinity:undefined:undefined:undefined:undefined":15,"s:92:4:96:Infinity":38,"s:93:6:95:Infinity":39,"b:100:2:115:Infinity:102:9:115:Infinity":16,"s:100:2:115:Infinity":40,"s:101:4:101:Infinity":41,"b:103:4:105:Infinity:undefined:undefined:undefined:undefined":17,"s:103:4:105:Infinity":42,"b:103:8:103:48:103:48:103:80":18,"s:104:6:104:Infinity":43,"b:106:4:108:Infinity:undefined:undefined:undefined:undefined":19,"s:106:4:108:Infinity":44,"s:107:6:107:Infinity":45,"b:109:4:111:Infinity:undefined:undefined:undefined:undefined":20,"s:109:4:111:Infinity":46,"s:110:6:110:Infinity":47,"b:112:4:114:Infinity:undefined:undefined:undefined:undefined":21,"s:112:4:114:Infinity":48,"s:113:6:113:Infinity":49,"s:117:2:120:Infinity":50}}}
}
